<?xml version="1.0" encoding="UTF-8"?>
<testsuite name="All Test"
           tests="4"
           failures="0"
           errors="0"
           skipped="0"
           time="5.547">
  <properties />
  
  
            <testcase name="verifyErrorMessageWithInvalidCredentials" time="1.219" classname="com.nopcommerce.demo.testsuite.LoginPageTest" />
                <testcase name="verifyUserShouldNavigateToLoginPage" time="0.573" classname="com.nopcommerce.demo.testsuite.LoginPageTest" />
                <testcase name="verifyThatUserShouldLogInSuccessFullyWithValidCredentials" time="1.446" classname="com.nopcommerce.demo.testsuite.LoginPageTest" />
                <testcase name="VerifyThatUserShouldLogOutSuccessFully" time="2.309" classname="com.nopcommerce.demo.testsuite.LoginPageTest" />
      
</testsuite>
