<?xml version="1.0" encoding="UTF-8"?>
<testsuite name="All Test"
           tests="3"
           failures="0"
           errors="0"
           skipped="0"
           time="16.080">
  <properties />
  
  
            <testcase name="verifyThatFirstNameLastNameEmailPasswordAndConfirmPasswordFieldsAreMandatory" time="0.834" classname="com.nopcommerce.demo.testsuite.RegisterPageTest" />
                <testcase name="verifyUserShouldNavigateToRegisterPageSuccessfully" time="0.627" classname="com.nopcommerce.demo.testsuite.RegisterPageTest" />
                <testcase name="verifyThatUserShouldCreateAccountSuccessfully" time="14.619" classname="com.nopcommerce.demo.testsuite.RegisterPageTest" />
      
</testsuite>
