<?xml version="1.0" encoding="UTF-8"?>
<testsuite name="All Test"
           tests="5"
           failures="0"
           errors="0"
           skipped="0"
           time="16.471">
  <properties />
  
  
            <testcase name="verifyUserShouldNavigateToDesktopsPageSuccessfully" time="1.235" classname="com.nopcommerce.demo.testsuite.ComputerPageTest" />
                <testcase name="verifyThatUserShouldBuildYouOwnComputerAndAddThemToCartSuccessfully" time="5.282" classname="com.nopcommerce.demo.testsuite.ComputerPageTest" />
                <testcase name="verifyUserShouldNavigateToComputerPageSuccessfully" time="0.683" classname="com.nopcommerce.demo.testsuite.ComputerPageTest" />
                <testcase name="verifyThatUserShouldBuildYouOwnComputerAndAddThemToCartSuccessfully" time="4.682" classname="com.nopcommerce.demo.testsuite.ComputerPageTest" />
                <testcase name="verifyThatUserShouldBuildYouOwnComputerAndAddThemToCartSuccessfully" time="4.589" classname="com.nopcommerce.demo.testsuite.ComputerPageTest" />
      
</testsuite>
