<?xml version="1.0" encoding="UTF-8"?>
<!-- Generated by org.testng.reporters.JUnitXMLReporter -->
<testsuite hostname="ShreeHari" ignored="0" name="All Test" tests="12" failures="0" timestamp="2022-05-09T10:41:38 BST" time="82.7" errors="0">
  <testcase name="verifyThatUserShouldCreateAccountSuccessfully" time="14.619" classname="com.nopcommerce.demo.testsuite.RegisterPageTest"/>
  <testcase name="verifyThatFirstNameLastNameEmailPasswordAndConfirmPasswordFieldsAreMandatory" time="0.834" classname="com.nopcommerce.demo.testsuite.RegisterPageTest"/>
  <testcase name="verifyUserShouldNavigateToRegisterPageSuccessfully" time="0.627" classname="com.nopcommerce.demo.testsuite.RegisterPageTest"/>
  <testcase name="verifyErrorMessageWithInvalidCredentials" time="1.219" classname="com.nopcommerce.demo.testsuite.LoginPageTest"/>
  <testcase name="verifyUserShouldNavigateToLoginPage" time="0.573" classname="com.nopcommerce.demo.testsuite.LoginPageTest"/>
  <testcase name="verifyThatUserShouldLogInSuccessFullyWithValidCredentials" time="1.446" classname="com.nopcommerce.demo.testsuite.LoginPageTest"/>
  <testcase name="VerifyThatUserShouldLogOutSuccessFully" time="2.309" classname="com.nopcommerce.demo.testsuite.LoginPageTest"/>
  <testcase name="verifyThatUserShouldBuildYouOwnComputerAndAddThemToCartSuccessfully" time="5.282" classname="com.nopcommerce.demo.testsuite.ComputerPageTest"/>
  <testcase name="verifyThatUserShouldBuildYouOwnComputerAndAddThemToCartSuccessfully" time="4.589" classname="com.nopcommerce.demo.testsuite.ComputerPageTest"/>
  <testcase name="verifyThatUserShouldBuildYouOwnComputerAndAddThemToCartSuccessfully" time="4.682" classname="com.nopcommerce.demo.testsuite.ComputerPageTest"/>
  <testcase name="verifyUserShouldNavigateToComputerPageSuccessfully" time="0.683" classname="com.nopcommerce.demo.testsuite.ComputerPageTest"/>
  <testcase name="verifyUserShouldNavigateToDesktopsPageSuccessfully" time="1.235" classname="com.nopcommerce.demo.testsuite.ComputerPageTest"/>
</testsuite> <!-- All Test -->
