<?xml version="1.0" encoding="UTF-8"?>
<!-- Generated by org.testng.reporters.JUnitXMLReporter -->
<testsuite hostname="ShreeHari" ignored="0" name="Regression" tests="12" failures="0" timestamp="2022-05-09T15:05:22 BST" time="84.662" errors="0">
  <testcase name="verifyThatUserShouldCreateAccountSuccessfully" time="14.605" classname="com.nopcommerce.demo.testsuite.RegisterPageTest"/>
  <testcase name="verifyThatFirstNameLastNameEmailPasswordAndConfirmPasswordFieldsAreMandatory" time="0.811" classname="com.nopcommerce.demo.testsuite.RegisterPageTest"/>
  <testcase name="verifyUserShouldNavigateToRegisterPageSuccessfully" time="0.598" classname="com.nopcommerce.demo.testsuite.RegisterPageTest"/>
  <testcase name="verifyErrorMessageWithInvalidCredentials" time="1.397" classname="com.nopcommerce.demo.testsuite.LoginPageTest"/>
  <testcase name="verifyUserShouldNavigateToLoginPage" time="0.652" classname="com.nopcommerce.demo.testsuite.LoginPageTest"/>
  <testcase name="verifyThatUserShouldLogInSuccessFullyWithValidCredentials" time="1.515" classname="com.nopcommerce.demo.testsuite.LoginPageTest"/>
  <testcase name="VerifyThatUserShouldLogOutSuccessFully" time="2.217" classname="com.nopcommerce.demo.testsuite.LoginPageTest"/>
  <testcase name="verifyThatUserShouldBuildYouOwnComputerAndAddThemToCartSuccessfully" time="5.792" classname="com.nopcommerce.demo.testsuite.ComputerPageTest"/>
  <testcase name="verifyThatUserShouldBuildYouOwnComputerAndAddThemToCartSuccessfully" time="4.861" classname="com.nopcommerce.demo.testsuite.ComputerPageTest"/>
  <testcase name="verifyThatUserShouldBuildYouOwnComputerAndAddThemToCartSuccessfully" time="4.852" classname="com.nopcommerce.demo.testsuite.ComputerPageTest"/>
  <testcase name="verifyUserShouldNavigateToComputerPageSuccessfully" time="0.658" classname="com.nopcommerce.demo.testsuite.ComputerPageTest"/>
  <testcase name="verifyUserShouldNavigateToDesktopsPageSuccessfully" time="1.23" classname="com.nopcommerce.demo.testsuite.ComputerPageTest"/>
</testsuite> <!-- Regression -->
